{"/home/runner/TIAMonday/monday/src/main.js": {"path":"/home/runner/TIAMonday/monday/src/main.js","statementMap":{"0":{"start":{"line":2,"column":1},"end":{"line":2,"column":16}},"1":{"start":{"line":6,"column":1},"end":{"line":6,"column":16}},"2":{"start":{"line":10,"column":1},"end":{"line":10,"column":16}},"3":{"start":{"line":13,"column":0},"end":{"line":13,"column":35}}},"fnMap":{"0":{"name":"sum","decl":{"start":{"line":1,"column":9},"end":{"line":1,"column":12}},"loc":{"start":{"line":1,"column":21},"end":{"line":3,"column":1}},"line":1},"1":{"name":"subtract","decl":{"start":{"line":5,"column":9},"end":{"line":5,"column":17}},"loc":{"start":{"line":5,"column":26},"end":{"line":7,"column":1}},"line":5},"2":{"name":"multiply","decl":{"start":{"line":9,"column":9},"end":{"line":9,"column":17}},"loc":{"start":{"line":9,"column":26},"end":{"line":11,"column":1}},"line":9}},"branchMap":{},"s":{"0":4,"1":1,"2":0,"3":1},"f":{"0":4,"1":1,"2":0},"b":{},"_coverageSchema":"1a1c01bbd47fc00a2c39e90264f33305004495a9","hash":"6b46f41e4ca80a0cf3d389a588e2b03b25b44bbe"}
}
